<?xml version="1.0" encoding="UTF-8"?>
<!-- Generated by org.testng.reporters.JUnitReportReporter -->
<testsuite hostname="LAPTOP-BFL3PLL7" failures="0" tests="1" name="sdet52.ArpanClass2" time="0.001" errors="0" timestamp="2023-11-30T10:02:32 IST" skipped="0">
  <testcase classname="sdet52.ArpanClass2" name="arpan3" time="0.001"/>
</testsuite> <!-- sdet52.ArpanClass2 -->
