<?xml version="1.0" encoding="UTF-8"?>
<!-- Generated by org.testng.reporters.JUnitReportReporter -->
<testsuite hostname="LAPTOP-BFL3PLL7" failures="0" tests="1" name="practiceJenkinGoals.GetTitleOfWebPageTest" time="41.924" errors="0" timestamp="2023-11-29T16:14:33 IST" skipped="0">
  <testcase classname="practiceJenkinGoals.GetTitleOfWebPageTest" name="title" time="41.924"/>
</testsuite> <!-- practiceJenkinGoals.GetTitleOfWebPageTest -->
