<?xml version="1.0" encoding="UTF-8"?>
<!-- Generated by org.testng.reporters.JUnitReportReporter -->
<testsuite hostname="LAPTOP-BFL3PLL7" failures="0" tests="1" name="sdet52.ArpanClass1" time="0.010" errors="0" timestamp="2023-11-30T10:02:32 IST" skipped="0">
  <testcase classname="sdet52.ArpanClass1" name="arpan1" time="0.010"/>
</testsuite> <!-- sdet52.ArpanClass1 -->
