<?xml version="1.0" encoding="UTF-8"?>
<!-- Generated by org.testng.reporters.JUnitReportReporter -->
<testsuite hostname="LAPTOP-BFL3PLL7" failures="0" tests="1" name="SecondPackage.BrowserLaunchTest" time="320.947" errors="0" timestamp="2023-11-30T12:50:28 IST" skipped="0">
  <testcase classname="SecondPackage.BrowserLaunchTest" name="m1Test" time="320.947"/>
</testsuite> <!-- SecondPackage.BrowserLaunchTest -->
